Arguments: 
  C:\Program Files\nodejs\node.exe C:\Users\andmil04\AppData\Roaming\npm\node_modules\yarn\bin\yarn.js init

PATH: 
  C:\Users\andmil04\bin;C:\Program Files\Git\mingw64\bin;C:\Program Files\Git\usr\local\bin;C:\Program Files\Git\usr\bin;C:\Program Files\Git\usr\bin;C:\Program Files\Git\mingw64\bin;C:\Program Files\Git\usr\bin;C:\Users\andmil04\bin;C:\ProgramData\Oracle\Java\javapath;C:\WINDOWS\system32;C:\WINDOWS;C:\WINDOWS\System32\Wbem;C:\WINDOWS\System32\WindowsPowerShell\v1.0;C:\Program Files (x86)\Enterprise Vault\EVClient;C:\Program Files (x86)\Microsoft SQL Server\Client SDK\ODBC\130\Tools\Binn;C:\Program Files (x86)\Microsoft SQL Server\130\Tools\Binn;C:\Program Files (x86)\Microsoft SQL Server\130\DTS\Binn;C:\Program Files (x86)\Microsoft SQL Server\130\Tools\Binn\ManagementStudio;C:\Program Files\TortoiseSVN\bin;C:\WINDOWS\system32\config\systemprofile\.dnx\bin;C:\Program Files\Microsoft DNX\Dnvm;C:\Program Files\Microsoft SQL Server\120\Tools\Binn;C:\Program Files\Microsoft SQL Server\130\Tools\Binn;C:\Program Files\1E\NomadBranch;C:\Program Files\nodejs;C:\Program Files (x86)\Brackets\command;C:\Program Files\Git\cmd;C:\Program Files\Kapow 10.1.0.1 12 x64\bin;C:\Program Files\Kapow Katalyst 9.5.4 x64\bin;C:\Users\andmil04\AppData\Roaming\npm;C:\Users\andmil04\AppData\Local\Microsoft\WindowsApps;C:\Program Files (x86)\Microsoft VS Code\bin;C:\Program Files\Git\usr\bin\vendor_perl;C:\Program Files\Git\usr\bin\core_perl

Yarn version: 
  1.1.0

Node version: 
  8.0.0

Platform: 
  win32 x64

npm manifest: 
  No manifest

yarn manifest: 
  No manifest

Lockfile: 
  No lockfile

Trace: 
  Error: Can't answer a question unless a user TTY
      at ConsoleReporter.question (C:\Users\andmil04\AppData\Roaming\npm\node_modules\yarn\lib\cli.js:86923:59)
      at Object.<anonymous> (C:\Users\andmil04\AppData\Roaming\npm\node_modules\yarn\lib\cli.js:81471:38)
      at Generator.next (<anonymous>)
      at step (C:\Users\andmil04\AppData\Roaming\npm\node_modules\yarn\lib\cli.js:92:30)
      at C:\Users\andmil04\AppData\Roaming\npm\node_modules\yarn\lib\cli.js:103:13
      at <anonymous>
      at process._tickCallback (internal/process/next_tick.js:169:7)
